<?xml version="1.0" encoding="UTF-8"?>
<testsuite xmlns:xsi="http://www.w3.org/2001/XMLSchema-instance" xsi:noNamespaceSchemaLocation="https://maven.apache.org/surefire/maven-surefire-plugin/xsd/surefire-test-report-3.0.xsd" version="3.0" name="TestSuite" time="109.129" tests="4" errors="0" skipped="0" failures="0">
  <properties>
[...]
</properties>
  <testcase name="runScenario[&quot;Naivgation scenario&quot;, &quot;Optional[1st feature]&quot;](1)" classname="Runners.Runner" time="6.151">
    <system-out><![CDATA[
Scenario: Naivgation scenario           &amp#27;[90m# features/UserRegistration.feature:3&amp#27;[0m
  &amp#27;[32mGiven &amp#27;[0m&amp#27;[32mI navigate to flipkart website&amp#27;[0m  &amp#27;[90m# StepDefinitions.NavigationsDefinitions.nagivatetomainSite()&amp#27;[0m
  &amp#27;[32mWhen &amp#27;[0m&amp#27;[32mI enter username as &amp#27;[0m&amp#27;[32m&amp#27;[1m"9618095002"&amp#27;[0m &amp#27;[90m# StepDefinitions.HomePageDefinitions.enterUserNames(java.lang.String)&amp#27;[0m
  &amp#27;[32mWhen &amp#27;[0m&amp#27;[32mI enter below password&amp#27;[0m           &amp#27;[90m# StepDefinitions.HomePageDefinitions.enterPassword(java.lang.String)&amp#27;[0m
  &amp#27;[32mWhen &amp#27;[0m&amp#27;[32mI click on sign-in button&amp#27;[0m        &amp#27;[90m# StepDefinitions.HomePageDefinitions.clickOnsign()&amp#27;[0m

    Embedding Naivgation scenario [image/png 109677 bytes]

]]></system-out>
    <system-err><![CDATA[May 23, 2022 7:31:20 PM org.openqa.selenium.remote.ProtocolHandshake createSession
INFO: Detected dialect: W3C
]]></system-err>
  </testcase>
  <testcase name="runScenario[&quot;Naivgation scenario for 96180950023&quot;, &quot;Optional[1st feature]&quot;](2)" classname="Runners.Runner" time="13.729">
    <system-out><![CDATA[
Scenario Outline: Naivgation scenario for 96180950023 &amp#27;[90m# features/UserRegistration.feature:20&amp#27;[0m
  &amp#27;[32mGiven &amp#27;[0m&amp#27;[32mI navigate to flipkart website&amp#27;[0m                &amp#27;[90m# StepDefinitions.NavigationsDefinitions.nagivatetomainSite()&amp#27;[0m
  &amp#27;[32mWhen &amp#27;[0m&amp#27;[32mI enter username as &amp#27;[0m&amp#27;[32m&amp#27;[1m"96180950023"&amp#27;[0m              &amp#27;[90m# StepDefinitions.HomePageDefinitions.enterUserNames(java.lang.String)&amp#27;[0m
  &amp#27;[32mWhen &amp#27;[0m&amp#27;[32mI enter password as &amp#27;[0m&amp#27;[32m&amp#27;[1m"passwords"&amp#27;[0m                &amp#27;[90m# StepDefinitions.HomePageDefinitions.enterPassword(java.lang.String)&amp#27;[0m

    Embedding Naivgation scenario for 96180950023 [image/png 112469 bytes]

]]></system-out>
    <system-err><![CDATA[May 23, 2022 7:31:26 PM org.openqa.selenium.remote.ProtocolHandshake createSession
INFO: Detected dialect: W3C
]]></system-err>
  </testcase>
  <testcase name="runScenario[&quot;Naivgation scenario for 96180950023&quot;, &quot;Optional[1st feature]&quot;](3)" classname="Runners.Runner" time="49.044">
    <system-out><![CDATA[
Scenario Outline: Naivgation scenario for 96180950023 &amp#27;[90m# features/UserRegistration.feature:21&amp#27;[0m
  &amp#27;[32mGiven &amp#27;[0m&amp#27;[32mI navigate to flipkart website&amp#27;[0m                &amp#27;[90m# StepDefinitions.NavigationsDefinitions.nagivatetomainSite()&amp#27;[0m
  &amp#27;[32mWhen &amp#27;[0m&amp#27;[32mI enter username as &amp#27;[0m&amp#27;[32m&amp#27;[1m"96180950023"&amp#27;[0m              &amp#27;[90m# StepDefinitions.HomePageDefinitions.enterUserNames(java.lang.String)&amp#27;[0m
  &amp#27;[32mWhen &amp#27;[0m&amp#27;[32mI enter password as &amp#27;[0m&amp#27;[32m&amp#27;[1m"passwords"&amp#27;[0m                &amp#27;[90m# StepDefinitions.HomePageDefinitions.enterPassword(java.lang.String)&amp#27;[0m

    Embedding Naivgation scenario for 96180950023 [image/png 129184 bytes]

]]></system-out>
    <system-err><![CDATA[May 23, 2022 7:31:39 PM org.openqa.selenium.remote.ProtocolHandshake createSession
INFO: Detected dialect: W3C
]]></system-err>
  </testcase>
  <testcase name="runScenario[&quot;Naivgation scenario for 96180950023&quot;, &quot;Optional[1st feature]&quot;](4)" classname="Runners.Runner" time="39.12">
    <system-out><![CDATA[
Scenario Outline: Naivgation scenario for 96180950023 &amp#27;[90m# features/UserRegistration.feature:22&amp#27;[0m
  &amp#27;[32mGiven &amp#27;[0m&amp#27;[32mI navigate to flipkart website&amp#27;[0m                &amp#27;[90m# StepDefinitions.NavigationsDefinitions.nagivatetomainSite()&amp#27;[0m
  &amp#27;[32mWhen &amp#27;[0m&amp#27;[32mI enter username as &amp#27;[0m&amp#27;[32m&amp#27;[1m"96180950023"&amp#27;[0m              &amp#27;[90m# StepDefinitions.HomePageDefinitions.enterUserNames(java.lang.String)&amp#27;[0m
  &amp#27;[32mWhen &amp#27;[0m&amp#27;[32mI enter password as &amp#27;[0m&amp#27;[32m&amp#27;[1m"passwords"&amp#27;[0m                &amp#27;[90m# StepDefinitions.HomePageDefinitions.enterPassword(java.lang.String)&amp#27;[0m

    Embedding Naivgation scenario for 96180950023 [image/png 112851 bytes]

]]></system-out>
    <system-err><![CDATA[May 23, 2022 7:32:28 PM org.openqa.selenium.remote.ProtocolHandshake createSession
INFO: Detected dialect: W3C
]]></system-err>
  </testcase>
</testsuite>