-------------------------------------------------------------------------------
Test set: TestSuite
-------------------------------------------------------------------------------
Tests run: 1, Failures: 1, Errors: 0, Skipped: 0, Time elapsed: 0.781 s <<< FAILURE! - in TestSuite
Runners.Runner.setUpClass  Time elapsed: 0.541 s  <<< FAILURE!
io.cucumber.core.exception.CucumberException: Failed to parse 'cucumber.publish.quiet' with value 'true '
Caused by: java.lang.IllegalArgumentException: 'true ' Was not a valid boolean value. Please use either 'true' or 'false'.

