<?xml version="1.0" encoding="UTF-8"?>
<testng-results skipped="0" failed="0" ignored="0" total="4" passed="4">
  <reporter-output>
  </reporter-output>
  <suite name="MakerSuite" duration-ms="108631" started-at="2022-05-23T19:31:18 IST" finished-at="2022-05-23T19:33:06 IST">
    <groups>
      <group name="cucumber">
        <method signature="AbstractTestNGCucumberTests.runScenario(io.cucumber.testng.PickleWrapper, io.cucumber.testng.FeatureWrapper)[pri:0, instance:Runners.Runner@6d7b4f4c]" name="runScenario" class="io.cucumber.testng.AbstractTestNGCucumberTests"/>
      </group> <!-- cucumber -->
    </groups>
    <test name="Test01" duration-ms="108631" started-at="2022-05-23T19:31:18 IST" finished-at="2022-05-23T19:33:06 IST">
      <class name="Runners.Runner">
        <test-method status="PASS" signature="setUpClass()[pri:0, instance:Runners.Runner@6d7b4f4c]" name="setUpClass" is-config="true" duration-ms="363" started-at="2022-05-23T19:31:18 IST" finished-at="2022-05-23T19:31:18 IST">
          <reporter-output>
          </reporter-output>
        </test-method> <!-- setUpClass -->
        <test-method status="PASS" signature="runScenario(io.cucumber.testng.PickleWrapper, io.cucumber.testng.FeatureWrapper)[pri:0, instance:Runners.Runner@6d7b4f4c]" name="runScenario" duration-ms="6137" started-at="2022-05-23T19:31:18 IST" description="Runs Cucumber Scenarios" data-provider="scenarios" finished-at="2022-05-23T19:31:24 IST">
          <params>
            <param index="0">
              <value>
                <![CDATA["Naivgation scenario"]]>
              </value>
            </param>
            <param index="1">
              <value>
                <![CDATA["Optional[1st feature]"]]>
              </value>
            </param>
          </params>
          <reporter-output>
          </reporter-output>
        </test-method> <!-- runScenario -->
        <test-method status="PASS" signature="runScenario(io.cucumber.testng.PickleWrapper, io.cucumber.testng.FeatureWrapper)[pri:0, instance:Runners.Runner@6d7b4f4c]" name="runScenario" duration-ms="13737" started-at="2022-05-23T19:31:24 IST" description="Runs Cucumber Scenarios" data-provider="scenarios" finished-at="2022-05-23T19:31:38 IST">
          <params>
            <param index="0">
              <value>
                <![CDATA["Naivgation scenario for 96180950023"]]>
              </value>
            </param>
            <param index="1">
              <value>
                <![CDATA["Optional[1st feature]"]]>
              </value>
            </param>
          </params>
          <reporter-output>
          </reporter-output>
        </test-method> <!-- runScenario -->
        <test-method status="PASS" signature="runScenario(io.cucumber.testng.PickleWrapper, io.cucumber.testng.FeatureWrapper)[pri:0, instance:Runners.Runner@6d7b4f4c]" name="runScenario" duration-ms="49046" started-at="2022-05-23T19:31:38 IST" description="Runs Cucumber Scenarios" data-provider="scenarios" finished-at="2022-05-23T19:32:27 IST">
          <params>
            <param index="0">
              <value>
                <![CDATA["Naivgation scenario for 96180950023"]]>
              </value>
            </param>
            <param index="1">
              <value>
                <![CDATA["Optional[1st feature]"]]>
              </value>
            </param>
          </params>
          <reporter-output>
          </reporter-output>
        </test-method> <!-- runScenario -->
        <test-method status="PASS" signature="runScenario(io.cucumber.testng.PickleWrapper, io.cucumber.testng.FeatureWrapper)[pri:0, instance:Runners.Runner@6d7b4f4c]" name="runScenario" duration-ms="39117" started-at="2022-05-23T19:32:27 IST" description="Runs Cucumber Scenarios" data-provider="scenarios" finished-at="2022-05-23T19:33:06 IST">
          <params>
            <param index="0">
              <value>
                <![CDATA["Naivgation scenario for 96180950023"]]>
              </value>
            </param>
            <param index="1">
              <value>
                <![CDATA["Optional[1st feature]"]]>
              </value>
            </param>
          </params>
          <reporter-output>
          </reporter-output>
        </test-method> <!-- runScenario -->
        <test-method status="PASS" signature="tearDownClass()[pri:0, instance:Runners.Runner@6d7b4f4c]" name="tearDownClass" is-config="true" duration-ms="196" started-at="2022-05-23T19:33:06 IST" finished-at="2022-05-23T19:33:06 IST">
          <reporter-output>
          </reporter-output>
        </test-method> <!-- tearDownClass -->
      </class> <!-- Runners.Runner -->
    </test> <!-- Test01 -->
  </suite> <!-- MakerSuite -->
</testng-results>
