<?xml version="1.0" encoding="UTF-8"?>
<!-- Generated by org.testng.reporters.JUnitReportReporter -->
<testsuite skipped="0" hostname="EPINHYDW02FC" name="Runners.Runner" tests="2" failures="1" timestamp="2022-05-23T20:57:13 IST" time="20.249" errors="0">
  <testcase name="runScenario" time="9.896" classname="Runners.Runner"/>
  <testcase name="runScenario" time="10.353" classname="Runners.Runner">
    <failure type="java.lang.AssertionError" message="expected [Online Shopping Site for Mobiles, Electronics, Furniture, Grocery, Lifestyle, Books &amp; More. Best Offers!] but found []">
      <![CDATA[java.lang.AssertionError: expected [Online Shopping Site for Mobiles, Electronics, Furniture, Grocery, Lifestyle, Books & More. Best Offers!] but found []
at org.testng.Assert.fail(Assert.java:97)
at org.testng.Assert.assertEqualsImpl(Assert.java:136)
at org.testng.Assert.assertEquals(Assert.java:118)
at org.testng.Assert.assertEquals(Assert.java:575)
at org.testng.Assert.assertEquals(Assert.java:585)
at StepDefinitions.HomePageDefinitions.verifyLogin(HomePageDefinitions.java:25)
at ✽.Verify Login is Successful(classpath:features/UserRegistration4.feature:35)
]]>
    </failure>
  </testcase> <!-- runScenario -->
</testsuite> <!-- Runners.Runner -->
