<?xml version="1.0" encoding="UTF-8"?>
<testng-results skipped="0" failed="0" ignored="0" total="2" passed="2">
  <reporter-output>
  </reporter-output>
  <suite name="Command line suite" duration-ms="4776" started-at="2022-05-23T15:14:39 IST" finished-at="2022-05-23T15:14:43 IST">
    <groups>
      <group name="cucumber">
        <method signature="AbstractTestNGCucumberTests.feature(cucumber.api.testng.CucumberFeatureWrapper)[pri:0, instance:Runner.TestRunner@42e26948]" name="feature" class="cucumber.api.testng.AbstractTestNGCucumberTests"/>
        <method signature="AbstractTestNGCucumberTests.feature(cucumber.api.testng.CucumberFeatureWrapper)[pri:0, instance:cucumber.Options.TestRuner@1794d431]" name="feature" class="cucumber.api.testng.AbstractTestNGCucumberTests"/>
      </group> <!-- cucumber -->
    </groups>
    <test name="Command line test" duration-ms="4776" started-at="2022-05-23T15:14:39 IST" finished-at="2022-05-23T15:14:43 IST">
      <class name="Runner.TestRunner">
        <test-method status="PASS" signature="setUpClass()[pri:0, instance:Runner.TestRunner@42e26948]" name="setUpClass" is-config="true" duration-ms="8" started-at="2022-05-23T15:14:42 IST" finished-at="2022-05-23T15:14:42 IST">
          <reporter-output>
          </reporter-output>
        </test-method> <!-- setUpClass -->
        <test-method status="PASS" signature="feature(cucumber.api.testng.CucumberFeatureWrapper)[pri:0, instance:Runner.TestRunner@42e26948]" name="feature" duration-ms="959" started-at="2022-05-23T15:14:42 IST" description="Runs Cucumber Feature" data-provider="features" finished-at="2022-05-23T15:14:43 IST">
          <params>
            <param index="0">
              <value>
                <![CDATA[validate user API]]>
              </value>
            </param>
          </params>
          <reporter-output>
          </reporter-output>
        </test-method> <!-- feature -->
        <test-method status="PASS" signature="tearDownClass()[pri:0, instance:Runner.TestRunner@42e26948]" name="tearDownClass" is-config="true" duration-ms="25" started-at="2022-05-23T15:14:43 IST" finished-at="2022-05-23T15:14:43 IST">
          <reporter-output>
          </reporter-output>
        </test-method> <!-- tearDownClass -->
      </class> <!-- Runner.TestRunner -->
      <class name="cucumber.Options.TestRuner">
        <test-method status="PASS" signature="setUpClass()[pri:0, instance:cucumber.Options.TestRuner@1794d431]" name="setUpClass" is-config="true" duration-ms="191" started-at="2022-05-23T15:14:39 IST" finished-at="2022-05-23T15:14:39 IST">
          <reporter-output>
          </reporter-output>
        </test-method> <!-- setUpClass -->
        <test-method status="PASS" signature="feature(cucumber.api.testng.CucumberFeatureWrapper)[pri:0, instance:cucumber.Options.TestRuner@1794d431]" name="feature" duration-ms="3478" started-at="2022-05-23T15:14:39 IST" description="Runs Cucumber Feature" data-provider="features" finished-at="2022-05-23T15:14:42 IST">
          <params>
            <param index="0">
              <value>
                <![CDATA[validate user API]]>
              </value>
            </param>
          </params>
          <reporter-output>
          </reporter-output>
        </test-method> <!-- feature -->
        <test-method status="PASS" signature="tearDownClass()[pri:0, instance:cucumber.Options.TestRuner@1794d431]" name="tearDownClass" is-config="true" duration-ms="13" started-at="2022-05-23T15:14:42 IST" finished-at="2022-05-23T15:14:42 IST">
          <reporter-output>
          </reporter-output>
        </test-method> <!-- tearDownClass -->
      </class> <!-- cucumber.Options.TestRuner -->
    </test> <!-- Command line test -->
  </suite> <!-- Command line suite -->
</testng-results>
