<?xml version="1.0" encoding="UTF-8"?>
<!-- Generated by org.testng.reporters.JUnitXMLReporter -->
<testsuite hostname="EPINHYDW02FC" ignored="0" name="Test01" tests="4" failures="0" timestamp="2022-05-23T19:33:06 IST" time="108.631" errors="0">
  <testcase name="runScenario" time="6.137" classname="io.cucumber.testng.AbstractTestNGCucumberTests"/>
  <testcase name="runScenario" time="13.737" classname="io.cucumber.testng.AbstractTestNGCucumberTests"/>
  <testcase name="runScenario" time="49.046" classname="io.cucumber.testng.AbstractTestNGCucumberTests"/>
  <testcase name="runScenario" time="39.117" classname="io.cucumber.testng.AbstractTestNGCucumberTests"/>
</testsuite> <!-- Test01 -->
