<?xml version="1.0" encoding="UTF-8"?>
<!-- Generated by org.testng.reporters.JUnitXMLReporter -->
<testsuite hostname="EPINHYDW02FC" ignored="0" name="Test01" tests="2" failures="1" timestamp="2022-05-23T20:57:13 IST" time="20.902" errors="0">
  <testcase name="runScenario" time="9.896" classname="io.cucumber.testng.AbstractTestNGCucumberTests"/>
  <testcase name="runScenario" time="10.353" classname="io.cucumber.testng.AbstractTestNGCucumberTests">
    <failure type="java.lang.AssertionError" message="expected [Online Shopping Site for Mobiles, Electronics, Furniture, Grocery, Lifestyle, Books &amp;amp; More. Best Offers!] but found []">
      <![CDATA[java.lang.AssertionError: expected [Online Shopping Site for Mobiles, Electronics, Furniture, Grocery, Lifestyle, Books & More. Best Offers!] but found []
at StepDefinitions.HomePageDefinitions.verifyLogin(HomePageDefinitions.java:25)
at ✽.Verify Login is Successful(classpath:features/UserRegistration4.feature:35)
... Removed 5 stack frames]]>
    </failure>
  </testcase> <!-- runScenario -->
</testsuite> <!-- Test01 -->
